<?xml version="1.0" encoding="UTF-8"?>
<!-- Generated by org.testng.reporters.JUnitReportReporter -->
<testsuite skipped="0" hostname="Vridhijain01" name="Logistics" tests="3" failures="0" timestamp="19 Jun 2019 09:26:12 GMT" time="0.179" errors="0">
  <testcase name="fetchOrder" time="0.022" classname="Logistics"/>
  <testcase name="completeOrder" time="0.033" classname="Logistics"/>
  <testcase name="assignOrder" time="0.124" classname="Logistics"/>
</testsuite> <!-- Logistics -->
